#
# There is insufficient memory for the Java Runtime Environment to continue.
# Native memory allocation (mmap) failed to map 268435456 bytes for Failed to commit area from 0x0000000700c00000 to 0x0000000710c00000 of length 268435456.
# Possible reasons:
#   The system is out of physical RAM or swap space
#   The process is running with CompressedOops enabled, and the Java Heap may be blocking the growth of the native heap
# Possible solutions:
#   Reduce memory load on the system
#   Increase physical memory or swap space
#   Check if swap backing store is full
#   Decrease Java heap size (-Xmx/-Xms)
#   Decrease number of Java threads
#   Decrease Java thread stack sizes (-Xss)
#   Set larger code cache with -XX:ReservedCodeCacheSize=
# This output file may be truncated or incomplete.
#
#  Out of Memory Error (./src/hotspot/os/windows/os_windows.cpp:3303), pid=9404, tid=9252
#
# JRE version:  (11.0.8+10) (build )
# Java VM: OpenJDK 64-Bit Server VM (11.0.8+10-b944.6842174, mixed mode, sharing, tiered, compressed oops, g1 gc, windows-amd64)
# No core dump will be written. Minidumps are not enabled by default on client versions of Windows
#

---------------  S U M M A R Y ------------

Command Line: org.jetbrains.kotlin.cli.jvm.K2JVMCompiler @D:\Code\AndroidStudio\kotlite\app\build\20210510_13059698403787514434.compiler.options

Host: AMD Ryzen 5 3600 6-Core Processor              , 12 cores, 15G,  Windows 10 , 64 bit Build 19041 (10.0.19041.928)
Time: Mon May 10 13:37:17 2021 SE Asia Standard Time elapsed time: 0 seconds (0d 0h 0m 0s)

---------------  T H R E A D  ---------------

Current thread (0x00000155b00ab000):  JavaThread "Unknown thread" [_thread_in_vm, id=9252, stack(0x000000276f200000,0x000000276f300000)]

Stack: [0x000000276f200000,0x000000276f300000]
Native frames: (J=compiled Java code, j=interpreted, Vv=VM code, C=native code)
V  [jvm.dll+0x5de50a]
V  [jvm.dll+0x7122f5]
V  [jvm.dll+0x71384d]
V  [jvm.dll+0x713f03]
V  [jvm.dll+0x23e728]
V  [jvm.dll+0x5db9a4]
V  [jvm.dll+0x5d0ae5]
V  [jvm.dll+0x2fb20b]
V  [jvm.dll+0x2fb17a]
V  [jvm.dll+0x2fb052]
V  [jvm.dll+0x2fff16]
V  [jvm.dll+0x348743]
V  [jvm.dll+0x348e46]
V  [jvm.dll+0x348843]
V  [jvm.dll+0x2d5d68]
V  [jvm.dll+0x2d6f07]
V  [jvm.dll+0x6f11f7]
V  [jvm.dll+0x6f29ec]
V  [jvm.dll+0x355cb9]
V  [jvm.dll+0x6d4ade]
V  [jvm.dll+0x3bdfe3]
V  [jvm.dll+0x3c0201]
C  [jli.dll+0x5373]
C  [ucrtbase.dll+0x21bb2]
C  [KERNEL32.DLL+0x17034]
C  [ntdll.dll+0x52651]


---------------  P R O C E S S  ---------------

Threads class SMR info:
_java_thread_list=0x00000155ae7350f0, length=0, elements={
}

Java Threads: ( => current thread )

Other Threads:
  0x00000155b00c5000 GCTaskThread "GC Thread#0" [stack: 0x000000276f300000,0x000000276f400000] [id=13788]
  0x00000155b0121800 ConcurrentGCThread "G1 Main Marker" [stack: 0x000000276f400000,0x000000276f500000] [id=11956]
  0x00000155b0123000 ConcurrentGCThread "G1 Conc#0" [stack: 0x000000276f500000,0x000000276f600000] [id=10568]

[error occurred during error reporting (printing all threads), id 0xc0000005, EXCEPTION_ACCESS_VIOLATION (0xc0000005) at pc=0x00007ffc2b296357]

VM state:not at safepoint (not fully initialized)

VM Mutex/Monitor currently owned by a thread:  ([mutex/lock_event])
[0x00000155b00a8380] Heap_lock - owner thread: 0x00000155b00ab000

Heap address: 0x0000000700c00000, size: 4084 MB, Compressed Oops mode: Non-zero based: 0x0000000700c00000
Narrow klass base: 0x0000000000000000, Narrow klass shift: 0

GC Heap History (0 events):
No events

Deoptimization events (0 events):
No events

Classes redefined (0 events):
No events

Internal exceptions (0 events):
No events

Events (1 events):
Event: 0.005 Loaded shared library C:\Program Files\Android\Android Studio\jre\bin\zip.dll


Dynamic libraries:
0x00007ff61b1e0000 - 0x00007ff61b1ea000 	C:\Program Files\Android\Android Studio\jre\bin\java.exe
0x00007ffcaf630000 - 0x00007ffcaf825000 	C:\WINDOWS\SYSTEM32\ntdll.dll
0x00007ffcada20000 - 0x00007ffcadadd000 	C:\WINDOWS\System32\KERNEL32.DLL
0x00007ffcacdc0000 - 0x00007ffcad088000 	C:\WINDOWS\System32\KERNELBASE.dll
0x00007ffcad350000 - 0x00007ffcad450000 	C:\WINDOWS\System32\ucrtbase.dll
0x00007ffca80e0000 - 0x00007ffca80f9000 	C:\Program Files\Android\Android Studio\jre\bin\jli.dll
0x00007ffca7dc0000 - 0x00007ffca7dd7000 	C:\Program Files\Android\Android Studio\jre\bin\VCRUNTIME140.dll
0x00007ffcaf090000 - 0x00007ffcaf230000 	C:\WINDOWS\System32\USER32.dll
0x00007ffca0e30000 - 0x00007ffca10ca000 	C:\WINDOWS\WinSxS\amd64_microsoft.windows.common-controls_6595b64144ccf1df_6.0.19041.844_none_ca00b6081b84eb1d\COMCTL32.dll
0x00007ffcad090000 - 0x00007ffcad0b2000 	C:\WINDOWS\System32\win32u.dll
0x00007ffcad760000 - 0x00007ffcad7fe000 	C:\WINDOWS\System32\msvcrt.dll
0x00007ffcadcf0000 - 0x00007ffcadd1a000 	C:\WINDOWS\System32\GDI32.dll
0x00007ffcad240000 - 0x00007ffcad34b000 	C:\WINDOWS\System32\gdi32full.dll
0x00007ffcad1a0000 - 0x00007ffcad23d000 	C:\WINDOWS\System32\msvcp_win.dll
0x00007ffcadc10000 - 0x00007ffcadc40000 	C:\WINDOWS\System32\IMM32.DLL
0x00007ffca6410000 - 0x00007ffca64ad000 	C:\Program Files\Android\Android Studio\jre\bin\msvcp140.dll
0x00007ffc2afb0000 - 0x00007ffc2ba6c000 	C:\Program Files\Android\Android Studio\jre\bin\server\jvm.dll
0x00007ffcaee20000 - 0x00007ffcaeecc000 	C:\WINDOWS\System32\ADVAPI32.dll
0x00007ffcaecb0000 - 0x00007ffcaed4b000 	C:\WINDOWS\System32\sechost.dll
0x00007ffcadae0000 - 0x00007ffcadc0b000 	C:\WINDOWS\System32\RPCRT4.dll
0x00007ffcaf080000 - 0x00007ffcaf088000 	C:\WINDOWS\System32\PSAPI.DLL
0x00007ffca80d0000 - 0x00007ffca80d9000 	C:\WINDOWS\SYSTEM32\WSOCK32.dll
0x00007ffca6ad0000 - 0x00007ffca6ada000 	C:\WINDOWS\SYSTEM32\VERSION.dll
0x00007ffcaef30000 - 0x00007ffcaef9b000 	C:\WINDOWS\System32\WS2_32.dll
0x00007ffca2480000 - 0x00007ffca24a7000 	C:\WINDOWS\SYSTEM32\WINMM.dll
0x00007ffcaacd0000 - 0x00007ffcaace2000 	C:\WINDOWS\SYSTEM32\kernel.appcore.dll
0x00007ffca80b0000 - 0x00007ffca80c1000 	C:\Program Files\Android\Android Studio\jre\bin\verify.dll
0x00007ffc9e5f0000 - 0x00007ffc9e7d4000 	C:\WINDOWS\SYSTEM32\DBGHELP.DLL
0x00007ffc9e580000 - 0x00007ffc9e5ac000 	C:\WINDOWS\SYSTEM32\dbgcore.DLL
0x00007ffcad0c0000 - 0x00007ffcad140000 	C:\WINDOWS\System32\bcryptPrimitives.dll
0x00007ffca2700000 - 0x00007ffca2729000 	C:\Program Files\Android\Android Studio\jre\bin\java.dll
0x00007ffca26f0000 - 0x00007ffca26fb000 	C:\Program Files\Android\Android Studio\jre\bin\jimage.dll
0x00007ffca1800000 - 0x00007ffca1818000 	C:\Program Files\Android\Android Studio\jre\bin\zip.dll

dbghelp: loaded successfully - version: 4.0.5 - missing functions: none
symbol engine: initialized successfully - sym options: 0x614 - pdb path: .;C:\Program Files\Android\Android Studio\jre\bin;C:\WINDOWS\SYSTEM32;C:\WINDOWS\WinSxS\amd64_microsoft.windows.common-controls_6595b64144ccf1df_6.0.19041.844_none_ca00b6081b84eb1d;C:\Program Files\Android\Android Studio\jre\bin\server

VM Arguments:
java_command: org.jetbrains.kotlin.cli.jvm.K2JVMCompiler @D:\Code\AndroidStudio\kotlite\app\build\20210510_13059698403787514434.compiler.options
java_class_path (initial): D:\Personal Project\Android Dev\.gradle\caches\modules-2\files-2.1\org.jetbrains.kotlin\kotlin-compiler-embeddable\1.4.32\b4fc9be460ca88eecea2303e142ce2920bd14775\kotlin-compiler-embeddable-1.4.32.jar;D:\Personal Project\Android Dev\.gradle\caches\modules-2\files-2.1\org.jetbrains.kotlin\kotlin-reflect\1.4.32\ce852b166d97f0f1991b5130c2bb02e2ef6c554e\kotlin-reflect-1.4.32.jar;D:\Personal Project\Android Dev\.gradle\caches\modules-2\files-2.1\org.jetbrains.kotlin\kotlin-stdlib\1.4.32\461367948840adbb0839c51d91ed74ef4a9ccb52\kotlin-stdlib-1.4.32.jar;D:\Personal Project\Android Dev\.gradle\caches\modules-2\files-2.1\org.jetbrains.kotlin\kotlin-script-runtime\1.4.32\bac50b0748be017dbc13fc1cb7231b1c9da0e106\kotlin-script-runtime-1.4.32.jar;D:\Personal Project\Android Dev\.gradle\caches\modules-2\files-2.1\org.jetbrains.kotlin\kotlin-daemon-embeddable\1.4.32\b40c5de5adea26ebb4e5fc36945c482ac20acee2\kotlin-daemon-embeddable-1.4.32.jar;D:\Personal Project\Android Dev\.gradle\caches\modules-2\files-2.1\org.jetbrains.intellij.deps\trove4j\1.0.20181211\216c2e14b070f334479d800987affe4054cd563f\trove4j-1.0.20181211.jar;D:\Personal Project\Android Dev\.gradle\caches\modules-2\files-2.1\org.jetbrains.kotlin\kotlin-stdlib-common\1.4.32\ef50bfa2c0491a11dcc35d9822edbfd6170e1ea2\kotlin-stdlib-common-1.4.32.jar;D:\Personal Project\Android Dev\.gradle\caches\modules-2\files-2.1\org.jetbrains\annotations\13.0\919f0dfe192fb4e063e7dacadee7f8bb9a2672a9\annotations-13.0.jar
Launcher Type: SUN_STANDARD

[Global flags]
     intx CICompilerCount                          = 4                                         {product} {ergonomic}
     uint ConcGCThreads                            = 3                                         {product} {ergonomic}
     uint G1ConcRefinementThreads                  = 10                                        {product} {ergonomic}
   size_t G1HeapRegionSize                         = 1048576                                   {product} {ergonomic}
    uintx GCDrainStackTargetSize                   = 64                                        {product} {ergonomic}
   size_t InitialHeapSize                          = 268435456                                 {product} {ergonomic}
   size_t MarkStackSize                            = 4194304                                   {product} {ergonomic}
   size_t MaxHeapSize                              = 4282384384                                {product} {ergonomic}
   size_t MinHeapDeltaBytes                        = 1048576                                   {product} {ergonomic}
    uintx NonNMethodCodeHeapSize                   = 5836300                                {pd product} {ergonomic}
    uintx NonProfiledCodeHeapSize                  = 122910970                              {pd product} {ergonomic}
    uintx ProfiledCodeHeapSize                     = 122910970                              {pd product} {ergonomic}
    uintx ReservedCodeCacheSize                    = 251658240                              {pd product} {ergonomic}
     bool SegmentedCodeCache                       = true                                      {product} {ergonomic}
     bool UseCompressedClassPointers               = true                                 {lp64_product} {ergonomic}
     bool UseCompressedOops                        = true                                 {lp64_product} {ergonomic}
     bool UseG1GC                                  = true                                      {product} {ergonomic}
     bool UseLargePagesIndividualAllocation        = false                                  {pd product} {ergonomic}

Logging:
Log output configuration:
 #0: stdout all=warning uptime,level,tags
 #1: stderr all=off uptime,level,tags

Environment Variables:
JAVA_HOME=C:\Program Files\Zulu\zulu-8
PATH=C:\Program Files\Zulu\zulu-8\bin\;C:\Program Files (x86)\Common Files\Oracle\Java\javapath;C:\ProgramData\Oracle\Java\javapath;C:\Program Files (x86)\Common Files\Intel\Shared Libraries\redist\intel64\compiler;C:\Windows\system32;C:\Windows;C:\Windows\System32\Wbem;C:\Windows\System32\WindowsPowerShell\v1.0\;C:\Windows\System32\OpenSSH\;C:\Program Files (x86)\NVIDIA Corporation\PhysX\Common;C:\Program Files\NVIDIA Corporation\NVIDIA NvDLISR;C:\Program Files\Git\cmd;C:\Program Files\nodejs\;C:\WINDOWS\system32;C:\WINDOWS;C:\WINDOWS\System32\Wbem;C:\WINDOWS\System32\WindowsPowerShell\v1.0\;C:\WINDOWS\System32\OpenSSH\;D:\Program Files\Matlab\bin;C:\Program Files (x86)\dotnet\;C:\Program Files\Gradle\gradle-6.6\bin;C:\Program Files\dotnet\;D:\Program Files\Calibre2\;C:\Program Files\MySQL\MySQL Shell 8.0\bin\;C:\Users\User\AppData\Local\Microsoft\WindowsApps;;C:\Users\User\AppData\Local\Programs\Microsoft VS Code\bin;C:\Users\User\AppData\Roaming\npm
USERNAME=User
OS=Windows_NT
PROCESSOR_IDENTIFIER=AMD64 Family 23 Model 113 Stepping 0, AuthenticAMD



---------------  S Y S T E M  ---------------

OS: Windows 10 , 64 bit Build 19041 (10.0.19041.928)
OS uptime: 5 days 2:44 hours

CPU:total 12 (initial active 12) (12 cores per cpu, 2 threads per core) family 23 model 113 stepping 0, cmov, cx8, fxsr, mmx, sse, sse2, sse3, ssse3, sse4.1, sse4.2, popcnt, avx, avx2, aes, clmul, mmxext, 3dnowpref, lzcnt, sse4a, ht, tsc, tscinvbit, tscinv, bmi1, bmi2, adx, sha, fma

Memory: 4k page, system-wide physical 16333M (6009M free)
TotalPageFile size 31515M (AvailPageFile size 26M)
current process WorkingSet (physical memory assigned to process): 10M, peak: 10M
current process commit charge ("private bytes"): 64M, peak: 320M

vm_info: OpenJDK 64-Bit Server VM (11.0.8+10-b944.6842174) for windows-amd64 JRE (11.0.8+10-b944.6842174), built on Sep 19 2020 01:11:42 by "builder" with MS VC++ 14.0 (VS2015)

END.
